0 info it worked if it ends with ok
1 verbose cli [ 'node', '/usr/local/bin/npm', 'install', 'steroids', '-g' ]
2 info using npm@2.7.3
3 info using node@v0.12.1
4 verbose node symlink /usr/local/bin/node
5 silly cache add args [ 'steroids', null ]
6 verbose cache add spec steroids
7 silly cache add parsed spec { raw: 'steroids',
7 silly cache add   scope: null,
7 silly cache add   name: 'steroids',
7 silly cache add   rawSpec: '',
7 silly cache add   spec: '*',
7 silly cache add   type: 'range' }
8 verbose addNamed steroids@*
9 silly addNamed semver.valid null
10 silly addNamed semver.validRange *
11 silly addNameRange { name: 'steroids', range: '*', hasData: false }
12 silly mapToRegistry name steroids
13 silly mapToRegistry using default registry
14 silly mapToRegistry registry https://registry.npmjs.org/
15 silly mapToRegistry uri https://registry.npmjs.org/steroids
16 verbose addNameRange registry:https://registry.npmjs.org/steroids not in flight; fetching
17 verbose request uri https://registry.npmjs.org/steroids
18 verbose request no auth needed
19 info attempt registry request try #1 at 10:48:32
20 verbose request id 40ecb622a487cae3
21 verbose etag "3V7FCM42VT4BE3FTOAJXJ3ZPQ"
22 http request GET https://registry.npmjs.org/steroids
23 http 200 https://registry.npmjs.org/steroids
24 silly get cb [ 200,
24 silly get   { date: 'Fri, 03 Apr 2015 17:48:33 GMT',
24 silly get     server: 'CouchDB/1.5.0 (Erlang OTP/R16B03)',
24 silly get     etag: '"8NP6HROMSAKF2AZVDY4FA045Q"',
24 silly get     'content-type': 'application/json',
24 silly get     'cache-control': 'max-age=60',
24 silly get     'content-length': '424602',
24 silly get     'accept-ranges': 'bytes',
24 silly get     via: '1.1 varnish',
24 silly get     age: '0',
24 silly get     'x-served-by': 'cache-lax1422-LAX',
24 silly get     'x-cache': 'MISS',
24 silly get     'x-cache-hits': '0',
24 silly get     'x-timer': 'S1428083312.776788,VS0,VE437',
24 silly get     vary: 'Accept',
24 silly get     'keep-alive': 'timeout=10, max=50',
24 silly get     connection: 'Keep-Alive' } ]
25 verbose get saving steroids to /Users/Kevin/.npm/registry.npmjs.org/steroids/.cache.json
26 silly addNameRange number 2 { name: 'steroids', range: '*', hasData: true }
27 silly addNameRange versions [ 'steroids',
27 silly addNameRange   [ '0.0.1',
27 silly addNameRange     '0.1.0',
27 silly addNameRange     '0.1.1',
27 silly addNameRange     '0.2.0',
27 silly addNameRange     '0.2.1',
27 silly addNameRange     '0.2.2',
27 silly addNameRange     '0.2.3',
27 silly addNameRange     '0.2.4',
27 silly addNameRange     '0.2.5',
27 silly addNameRange     '0.2.6',
27 silly addNameRange     '0.2.7',
27 silly addNameRange     '0.2.8',
27 silly addNameRange     '0.2.9',
27 silly addNameRange     '0.3.0',
27 silly addNameRange     '0.4.0',
27 silly addNameRange     '0.4.1',
27 silly addNameRange     '0.4.2',
27 silly addNameRange     '0.4.3',
27 silly addNameRange     '0.5.0',
27 silly addNameRange     '0.5.1',
27 silly addNameRange     '0.5.2',
27 silly addNameRange     '0.5.3',
27 silly addNameRange     '0.5.5',
27 silly addNameRange     '0.5.6',
27 silly addNameRange     '0.5.7',
27 silly addNameRange     '0.5.8',
27 silly addNameRange     '0.6.0',
27 silly addNameRange     '0.6.1',
27 silly addNameRange     '0.6.2',
27 silly addNameRange     '0.6.3',
27 silly addNameRange     '0.6.4',
27 silly addNameRange     '0.6.5',
27 silly addNameRange     '0.6.6',
27 silly addNameRange     '0.6.7',
27 silly addNameRange     '0.6.8',
27 silly addNameRange     '0.6.9',
27 silly addNameRange     '0.6.10',
27 silly addNameRange     '0.6.11',
27 silly addNameRange     '0.6.12',
27 silly addNameRange     '0.6.13',
27 silly addNameRange     '0.6.14',
27 silly addNameRange     '0.6.15',
27 silly addNameRange     '0.6.16',
27 silly addNameRange     '0.6.18',
27 silly addNameRange     '0.6.20',
27 silly addNameRange     '0.6.21',
27 silly addNameRange     '0.6.22',
27 silly addNameRange     '0.6.23',
27 silly addNameRange     '0.6.24',
27 silly addNameRange     '0.6.25',
27 silly addNameRange     '0.6.26',
27 silly addNameRange     '0.7.0',
27 silly addNameRange     '0.7.1',
27 silly addNameRange     '0.7.2',
27 silly addNameRange     '0.7.3',
27 silly addNameRange     '0.8.0',
27 silly addNameRange     '0.8.1',
27 silly addNameRange     '0.9.0',
27 silly addNameRange     '0.9.1',
27 silly addNameRange     '0.9.2',
27 silly addNameRange     '0.9.3',
27 silly addNameRange     '0.9.4',
27 silly addNameRange     '0.9.5',
27 silly addNameRange     '0.9.6',
27 silly addNameRange     '0.9.7',
27 silly addNameRange     '0.9.8',
27 silly addNameRange     '0.9.9',
27 silly addNameRange     '0.9.10',
27 silly addNameRange     '0.10.0',
27 silly addNameRange     '0.10.1',
27 silly addNameRange     '0.10.2',
27 silly addNameRange     '0.10.3',
27 silly addNameRange     '0.10.4',
27 silly addNameRange     '0.10.5',
27 silly addNameRange     '0.10.6',
27 silly addNameRange     '0.10.7',
27 silly addNameRange     '0.10.8',
27 silly addNameRange     '0.10.9',
27 silly addNameRange     '0.10.10',
27 silly addNameRange     '0.10.11',
27 silly addNameRange     '0.10.12',
27 silly addNameRange     '0.10.13',
27 silly addNameRange     '0.10.14',
27 silly addNameRange     '0.10.15',
27 silly addNameRange     '0.10.16',
27 silly addNameRange     '0.10.17',
27 silly addNameRange     '2.7.0',
27 silly addNameRange     '2.7.1',
27 silly addNameRange     '2.7.2',
27 silly addNameRange     '2.7.3',
27 silly addNameRange     '2.7.4',
27 silly addNameRange     '2.7.5',
27 silly addNameRange     '2.7.6',
27 silly addNameRange     '2.7.7',
27 silly addNameRange     '2.7.8',
27 silly addNameRange     '2.7.9',
27 silly addNameRange     '2.7.10',
27 silly addNameRange     '2.7.11',
27 silly addNameRange     '2.7.12',
27 silly addNameRange     '2.7.13',
27 silly addNameRange     '2.7.14',
27 silly addNameRange     '2.7.15',
27 silly addNameRange     '2.7.16',
27 silly addNameRange     '2.7.17',
27 silly addNameRange     '2.7.18',
27 silly addNameRange     '2.7.19',
27 silly addNameRange     '2.7.20',
27 silly addNameRange     '2.7.21',
27 silly addNameRange     '2.7.22',
27 silly addNameRange     '2.7.23',
27 silly addNameRange     '2.7.24',
27 silly addNameRange     '2.7.25',
27 silly addNameRange     '2.7.26',
27 silly addNameRange     '2.7.27',
27 silly addNameRange     '2.7.28',
27 silly addNameRange     '2.7.29',
27 silly addNameRange     '2.7.30',
27 silly addNameRange     '2.7.31',
27 silly addNameRange     '2.7.32',
27 silly addNameRange     '2.7.33',
27 silly addNameRange     '2.7.34',
27 silly addNameRange     '2.7.35',
27 silly addNameRange     '2.7.36',
27 silly addNameRange     '2.7.37',
27 silly addNameRange     '2.7.38',
27 silly addNameRange     '2.7.39',
27 silly addNameRange     '3.1.0',
27 silly addNameRange     '3.1.1',
27 silly addNameRange     '2.7.40',
27 silly addNameRange     '3.1.2',
27 silly addNameRange     '2.7.41',
27 silly addNameRange     '3.1.3',
27 silly addNameRange     '3.1.4',
27 silly addNameRange     '3.1.5',
27 silly addNameRange     '3.1.6',
27 silly addNameRange     '3.1.7',
27 silly addNameRange     '3.1.8',
27 silly addNameRange     '3.1.9',
27 silly addNameRange     '3.1.10',
27 silly addNameRange     '3.1.11',
27 silly addNameRange     '3.1.12',
27 silly addNameRange     '3.1.13',
27 silly addNameRange     '3.1.14',
27 silly addNameRange     '3.1.15',
27 silly addNameRange     '3.1.16',
27 silly addNameRange     '3.1.17',
27 silly addNameRange     '3.1.18',
27 silly addNameRange     '3.1.19',
27 silly addNameRange     '3.1.20',
27 silly addNameRange     '3.1.21',
27 silly addNameRange     '3.1.22',
27 silly addNameRange     '3.1.23',
27 silly addNameRange     '3.1.24',
27 silly addNameRange     '3.1.25',
27 silly addNameRange     '3.1.26',
27 silly addNameRange     '3.1.27',
27 silly addNameRange     '3.1.28',
27 silly addNameRange     '3.5.0',
27 silly addNameRange     '3.5.1',
27 silly addNameRange     '3.5.3',
27 silly addNameRange     '3.5.4',
27 silly addNameRange     '3.5.5',
27 silly addNameRange     '3.5.6',
27 silly addNameRange     '3.5.7',
27 silly addNameRange     '3.5.8',
27 silly addNameRange     '3.5.9',
27 silly addNameRange     '3.5.10',
27 silly addNameRange     '3.5.11',
27 silly addNameRange     '3.5.12',
27 silly addNameRange     '3.5.13',
27 silly addNameRange     '3.5.14',
27 silly addNameRange     '3.5.15',
27 silly addNameRange     '3.5.16',
27 silly addNameRange     '3.5.17',
27 silly addNameRange     '4.0.0',
27 silly addNameRange     '4.0.1',
27 silly addNameRange     '4.0.2',
27 silly addNameRange     '4.0.3',
27 silly addNameRange     '4.0.4',
27 silly addNameRange     '4.0.5',
27 silly addNameRange     '4.0.6',
27 silly addNameRange     '4.0.7',
27 silly addNameRange     '4.0.8',
27 silly addNameRange     '4.0.9',
27 silly addNameRange     '4.0.10',
27 silly addNameRange     '4.0.11',
27 silly addNameRange     '4.0.12',
27 silly addNameRange     '4.0.13',
27 silly addNameRange     '4.0.14',
27 silly addNameRange     '4.0.15' ] ]
28 verbose addNamed steroids@4.0.15
29 silly addNamed semver.valid 4.0.15
30 silly addNamed semver.validRange 4.0.15
31 silly mapToRegistry name steroids
32 silly mapToRegistry using default registry
33 silly mapToRegistry registry https://registry.npmjs.org/
34 silly mapToRegistry uri https://registry.npmjs.org/steroids
35 verbose addRemoteTarball https://registry.npmjs.org/steroids/-/steroids-4.0.15.tgz not in flight; adding
36 verbose addRemoteTarball [ 'https://registry.npmjs.org/steroids/-/steroids-4.0.15.tgz',
36 verbose addRemoteTarball   '13e884f0efb0e9eb5ac67c54aa5f556732d7a1d2' ]
37 info retry fetch attempt 1 at 10:48:33
38 info attempt registry request try #1 at 10:48:33
39 http fetch GET https://registry.npmjs.org/steroids/-/steroids-4.0.15.tgz
40 http fetch 200 https://registry.npmjs.org/steroids/-/steroids-4.0.15.tgz
41 silly fetchAndShaCheck shasum 13e884f0efb0e9eb5ac67c54aa5f556732d7a1d2
42 verbose addTmpTarball /var/folders/y8/9yfjtmfs47zcdkmcx2gsqsth0000gp/T/npm-22730-73d961ee/registry.npmjs.org/steroids/-/steroids-4.0.15.tgz not in flight; adding
43 verbose addTmpTarball already have metadata; skipping unpack for steroids@4.0.15
44 silly cache afterAdd steroids@4.0.15
45 verbose afterAdd /Users/Kevin/.npm/steroids/4.0.15/package/package.json not in flight; writing
46 verbose afterAdd /Users/Kevin/.npm/steroids/4.0.15/package/package.json written
47 silly install resolved [ { name: 'steroids',
47 silly install resolved     version: '4.0.15',
47 silly install resolved     preferGlobal: 'true',
47 silly install resolved     license: 'MIT',
47 silly install resolved     author: { name: 'AppGyver', email: 'contact@appgyver.com' },
47 silly install resolved     description: 'AppGyver Steroids Command Line Interface',
47 silly install resolved     contributors: [ [Object], [Object], [Object], [Object], [Object], [Object] ],
47 silly install resolved     bin: { steroids: './bin/steroids' },
47 silly install resolved     scripts: { preinstall: 'node ./bin/preinstall.js || nodejs ./bin/preinstall.js' },
47 silly install resolved     keywords:
47 silly install resolved      [ 'steroids.js',
47 silly install resolved        'appgyver',
47 silly install resolved        'client',
47 silly install resolved        'cli',
47 silly install resolved        'phonegap',
47 silly install resolved        'cordova',
47 silly install resolved        'supersonic',
47 silly install resolved        'ionic' ],
47 silly install resolved     repository: { type: 'git', url: 'git://github.com/AppGyver/steroids.git' },
47 silly install resolved     engines: { node: '>=0.10.17', npm: '>=1.3.8' },
47 silly install resolved     devDependencies: { 'jasmine-node': '1.14.5' },
47 silly install resolved     dependencies:
47 silly install resolved      { 'ios-sim': 'http://appgyver-steroids.s3.amazonaws.com/ios-sim-3.0.0-AppGyver-p1.tgz',
47 silly install resolved        'steroids-android-packages': 'http://appgyver-steroids.s3.amazonaws.com/steroids-android-packages-0.0.8.tgz',
47 silly install resolved        'steroids-ios-packages': 'http://appgyver-steroids.s3.amazonaws.com/steroids-ios-packages-4.0.3.tgz',
47 silly install resolved        bower: '1.3.8',
47 silly install resolved        'coffee-script': '1.6.3',
47 silly install resolved        colorize: '0.1.0',
47 silly install resolved        express: '4.8.8',
47 silly install resolved        grunt: '0.4.5',
47 silly install resolved        inquirer: '0.3.4',
47 silly install resolved        oauth: '0.9.10',
47 silly install resolved        open: '0.0.4',
47 silly install resolved        optimist: '0.6.0',
47 silly install resolved        'path-extra': '0.3.0',
47 silly install resolved        portscanner: '1.0.0',
47 silly install resolved        prompt: '0.2.11',
47 silly install resolved        'qrcode-terminal': '0.9.4',
47 silly install resolved        request: '2.53.0',
47 silly install resolved        restler: '3.2.2',
47 silly install resolved        semver: '2.3.1',
47 silly install resolved        wrench: '1.5.4',
47 silly install resolved        'yeoman-generator': '0.17.7',
47 silly install resolved        q: '0.9.7',
47 silly install resolved        chalk: '0.3.0',
47 silly install resolved        'generator-steroids': '1.0.18',
47 silly install resolved        'js-yaml': '3.0.2',
47 silly install resolved        'express-json': '1.0.0',
47 silly install resolved        winston: '0.9.0',
47 silly install resolved        'body-parser': '1.8.1',
47 silly install resolved        'steroids-connect': '1.0.33',
47 silly install resolved        'tiny-lr': 'http://appgyver-steroids.s3.amazonaws.com/tiny-lr-0.1.4-AppGyver-p0.tgz',
47 silly install resolved        lodash: '2.4.1',
47 silly install resolved        'data.either': '1.2.0',
47 silly install resolved        xmlbuilder: '2.6.1',
47 silly install resolved        bluebird: '2.3.5',
47 silly install resolved        chokidar: '1.0.0-rc3',
47 silly install resolved        'chrome-cli': 'http://appgyver-steroids.s3.amazonaws.com/chrome-cli-1.5.0-AppGyver-p0.tgz',
47 silly install resolved        npm: '2.1.7',
47 silly install resolved        figlet: '1.1.0',
47 silly install resolved        'fs-extra': '0.13.0',
47 silly install resolved        xml2js: '0.4.4' },
47 silly install resolved     gitHead: '32fb92e4acc816fdea95b5776a46f17161dbb2bf',
47 silly install resolved     bugs: { url: 'https://github.com/AppGyver/steroids/issues' },
47 silly install resolved     homepage: 'https://github.com/AppGyver/steroids',
47 silly install resolved     _id: 'steroids@4.0.15',
47 silly install resolved     _shasum: '13e884f0efb0e9eb5ac67c54aa5f556732d7a1d2',
47 silly install resolved     _from: 'steroids@*',
47 silly install resolved     _npmVersion: '2.1.4',
47 silly install resolved     _nodeVersion: '0.10.32',
47 silly install resolved     _npmUser: { name: 'ezku', email: 'eevert.saukkokoski@appgyver.com' },
47 silly install resolved     maintainers:
47 silly install resolved      [ [Object],
47 silly install resolved        [Object],
47 silly install resolved        [Object],
47 silly install resolved        [Object],
47 silly install resolved        [Object],
47 silly install resolved        [Object],
47 silly install resolved        [Object],
47 silly install resolved        [Object] ],
47 silly install resolved     dist:
47 silly install resolved      { shasum: '13e884f0efb0e9eb5ac67c54aa5f556732d7a1d2',
47 silly install resolved        tarball: 'http://registry.npmjs.org/steroids/-/steroids-4.0.15.tgz' },
47 silly install resolved     directories: {},
47 silly install resolved     _resolved: 'https://registry.npmjs.org/steroids/-/steroids-4.0.15.tgz' } ]
48 info install steroids@4.0.15 into /usr/local/lib
49 info installOne steroids@4.0.15
50 verbose installOne of steroids to /usr/local/lib not in flight; installing
51 verbose lock using /Users/Kevin/.npm/_locks/steroids-36911c2af98a4488.lock for /usr/local/lib/node_modules/steroids
52 silly install write writing steroids 4.0.15 to /usr/local/lib/node_modules/steroids
53 silly cache addNamed cb steroids@4.0.15
54 verbose unbuild lib/node_modules/steroids
55 silly gentlyRm /usr/local/lib/node_modules/steroids is being purged from base /usr/local
56 verbose gentlyRm don't care about contents; nuking /usr/local/lib/node_modules/steroids
57 verbose tar unpack /Users/Kevin/.npm/steroids/4.0.15/package.tgz
58 verbose tar unpacking to /usr/local/lib/node_modules/steroids
59 silly gentlyRm /usr/local/lib/node_modules/steroids is being purged
60 verbose gentlyRm don't care about contents; nuking /usr/local/lib/node_modules/steroids
61 silly gunzTarPerm modes [ '755', '644' ]
62 silly gunzTarPerm extractEntry package.json
63 silly gunzTarPerm extractEntry .npmignore
64 silly gunzTarPerm extractEntry README.md
65 silly gunzTarPerm extractEntry LICENSE
66 silly gunzTarPerm extractEntry CHANGELOG.md
67 silly gunzTarPerm extractEntry CONTRIBUTING.md
68 silly gunzTarPerm extractEntry Gemfile
69 silly gunzTarPerm extractEntry Gemfile.lock
70 silly gunzTarPerm extractEntry vendor/7zip/7-zip.chm
71 silly gunzTarPerm extractEntry vendor/7zip/7za.exe
72 silly gunzTarPerm extractEntry vendor/7zip/license.txt
73 silly gunzTarPerm extractEntry vendor/7zip/readme.txt
74 silly gunzTarPerm extractEntry .ruby-version
75 silly gunzTarPerm extractEntry appveyor.yml
76 silly gunzTarPerm extractEntry bin/preinstall.js
77 silly gunzTarPerm extractEntry bin/steroids
78 silly gunzTarPerm extractEntry bin/test
79 silly gunzTarPerm extractEntry bin/test.cmd
80 silly gunzTarPerm extractEntry .ruby-gemset
81 silly gunzTarPerm extractEntry doc/dependencies.csv
82 silly gunzTarPerm extractEntry doc/dependencies.db
83 silly gunzTarPerm extractEntry doc/dependencies.html
84 silly gunzTarPerm extractEntry doc/dependencies.md
85 silly gunzTarPerm extractEntry doc/dependencies_detailed.csv
86 silly gunzTarPerm extractEntry update.sh
87 silly gunzTarPerm extractEntry .travis.yml
88 silly gunzTarPerm extractEntry public/__appgyver/connect/images/steroids_logo.png
89 silly gunzTarPerm extractEntry public/__appgyver/connect/javascripts/jquery-1.8.3.min.js
90 silly gunzTarPerm extractEntry public/__appgyver/connect/javascripts/jquery.qrcode.js
91 silly gunzTarPerm extractEntry public/__appgyver/connect/javascripts/qrcode.js
92 silly gunzTarPerm extractEntry public/__appgyver/connect/qrcode.html
93 silly gunzTarPerm extractEntry public/__appgyver/connect/qrcode_test.html
94 silly gunzTarPerm extractEntry public/__appgyver/index.html
95 silly gunzTarPerm extractEntry public/__appgyver/login/oauth2_success.html
96 silly gunzTarPerm extractEntry publish-plz.sh
97 silly gunzTarPerm extractEntry remove-node.sh
98 silly gunzTarPerm extractEntry scripts/travis/install.sh
99 silly gunzTarPerm extractEntry scripts/travis/install_linux.sh
100 silly gunzTarPerm extractEntry scripts/travis/install_osx.sh
101 silly gunzTarPerm extractEntry spec/monkeypatch_timeout.js
102 silly gunzTarPerm extractEntry spec/command_runner.coffee
103 silly gunzTarPerm extractEntry spec/core/connect.spec.coffee
104 silly gunzTarPerm extractEntry spec/core/deploy.spec.coffee
105 silly gunzTarPerm extractEntry spec/core/genymotion.spec.coffee
106 silly gunzTarPerm extractEntry spec/core/make.spec.coffee
107 silly gunzTarPerm extractEntry spec/core/packager.spec.coffee
108 silly gunzTarPerm extractEntry spec/core/simulator.spec.coffee
109 silly gunzTarPerm extractEntry spec/core/steroids.spec.coffee
110 silly gunzTarPerm extractEntry spec/core/usages.spec.coffee
111 silly gunzTarPerm extractEntry spec/core/version.spec.coffee
112 silly gunzTarPerm extractEntry spec/create/create.slow.spec.coffee
113 silly gunzTarPerm extractEntry spec/create/create.spec.coffee
114 silly gunzTarPerm extractEntry spec/data/data.init.spec.coffee
115 silly gunzTarPerm extractEntry spec/data/data.sync.spec.coffee
116 silly gunzTarPerm extractEntry spec/test_helper.coffee
117 silly gunzTarPerm extractEntry src/steroids/Server.coffee
118 silly gunzTarPerm extractEntry src/steroids/AppSettings.coffee
119 silly gunzTarPerm extractEntry src/steroids/Bower.coffee
120 silly gunzTarPerm extractEntry src/steroids/CloudConfig.coffee
121 silly gunzTarPerm extractEntry src/steroids/ConfigJsonGenerator.coffee
122 silly gunzTarPerm extractEntry src/steroids/ConfigXmlGenerator.coffee
123 silly gunzTarPerm extractEntry src/steroids/Converter.coffee
124 silly gunzTarPerm extractEntry src/steroids/Data.coffee
125 silly gunzTarPerm extractEntry src/steroids/Deploy.coffee
126 silly gunzTarPerm extractEntry src/steroids/DeployConverter.coffee
127 silly gunzTarPerm extractEntry src/steroids/Generators.coffee
128 silly gunzTarPerm extractEntry src/steroids/Grunt.coffee
129 silly gunzTarPerm extractEntry src/steroids/Help.coffee
130 silly gunzTarPerm extractEntry src/steroids/Login.coffee
131 silly gunzTarPerm extractEntry src/steroids/Npm.coffee
132 silly gunzTarPerm extractEntry src/steroids/Packager.coffee
133 silly gunzTarPerm extractEntry src/steroids/PortChecker.coffee
134 silly gunzTarPerm extractEntry src/steroids/ProjectCreator.coffee
135 silly gunzTarPerm extractEntry src/steroids/Prompt.coffee
136 silly gunzTarPerm extractEntry src/steroids/QRCode.coffee
137 silly gunzTarPerm extractEntry src/steroids/SafariDebug.coffee
138 silly gunzTarPerm extractEntry src/steroids/Serve.coffee
139 silly gunzTarPerm extractEntry src/steroids/ApplicationConfigUpdater.coffee
140 silly gunzTarPerm extractEntry src/steroids/Simulator.coffee
141 silly gunzTarPerm extractEntry src/steroids/Updater.coffee
142 silly gunzTarPerm extractEntry src/steroids/banner/banner.coffee
143 silly gunzTarPerm extractEntry src/steroids/connect/connect.coffee
144 silly gunzTarPerm extractEntry src/steroids/connect.coffee
145 silly gunzTarPerm extractEntry src/steroids/data/Helpers.coffee
146 silly gunzTarPerm extractEntry src/steroids/data/Provider.coffee
147 silly gunzTarPerm extractEntry src/steroids/data/Resource.coffee
148 silly gunzTarPerm extractEntry src/steroids/data/SandboxDB.coffee
149 silly gunzTarPerm extractEntry src/steroids/debug/chrome.coffee
150 silly gunzTarPerm extractEntry src/steroids/emulate/android.coffee
151 silly gunzTarPerm extractEntry src/steroids/emulate/genymotion.coffee
152 silly gunzTarPerm extractEntry src/steroids/features.coffee
153 silly gunzTarPerm extractEntry src/steroids/fs/watcher.coffee
154 silly gunzTarPerm extractEntry src/steroids/fs/zip.coffee
155 silly gunzTarPerm extractEntry src/steroids/generators/Base.coffee
156 silly gunzTarPerm extractEntry src/steroids/generators/DataModule.coffee
157 silly gunzTarPerm extractEntry src/steroids/generators/Module.coffee
158 silly gunzTarPerm extractEntry src/steroids/log/logcat.coffee
159 silly gunzTarPerm extractEntry src/steroids/log/steroids_log.coffee
160 silly gunzTarPerm extractEntry src/steroids/logout.coffee
161 silly gunzTarPerm extractEntry src/steroids/packager/Base.coffee
162 silly gunzTarPerm extractEntry src/steroids/packager/CordovaPackager.coffee
163 silly gunzTarPerm extractEntry src/steroids/packager/PackagerFactory.coffee
164 silly gunzTarPerm extractEntry src/steroids/packager/SteroidsPackager.coffee
165 silly gunzTarPerm extractEntry src/steroids/paths.coffee
166 silly gunzTarPerm extractEntry src/steroids/project/Base.coffee
167 silly gunzTarPerm extractEntry src/steroids/project/CordovaProject.coffee
168 silly gunzTarPerm extractEntry src/steroids/project/ProjectFactory.coffee
169 silly gunzTarPerm extractEntry src/steroids/project/SteroidsProject.coffee
170 silly gunzTarPerm extractEntry src/steroids/project/config.coffee
171 silly gunzTarPerm extractEntry src/steroids/project/cordova-config.coffee
172 silly gunzTarPerm extractEntry src/steroids/project/legacy-config.coffee
173 silly gunzTarPerm extractEntry src/steroids/project/supersonic-config.coffee
174 silly gunzTarPerm extractEntry src/steroids/routingHelpers.coffee
175 silly gunzTarPerm extractEntry src/steroids/sbawn.coffee
176 silly gunzTarPerm extractEntry src/steroids/servers/BuildServerBase.coffee
177 silly gunzTarPerm extractEntry src/steroids/servers/BuildServerFactory.coffee
178 silly gunzTarPerm extractEntry src/steroids/servers/CordovaBuildServer.coffee
179 silly gunzTarPerm extractEntry src/steroids/servers/LoginServer.coffee
180 silly gunzTarPerm extractEntry src/steroids/servers/SteroidsBuildServer.coffee
181 silly gunzTarPerm extractEntry src/steroids/servers/WebServer.coffee
182 silly gunzTarPerm extractEntry src/steroids/usage.coffee
183 silly gunzTarPerm extractEntry src/steroids/version/version.coffee
184 silly gunzTarPerm extractEntry src/steroids.coffee
185 silly gunzTarPerm extractEntry support/legacy-debugweinre
186 silly gunzTarPerm extractEntry support/attention
187 silly gunzTarPerm extractEntry support/chrome/ripple.crx
188 silly gunzTarPerm extractEntry support/connect
189 silly gunzTarPerm extractEntry support/cordova/native-styles/ios.css
190 silly gunzTarPerm extractEntry support/data-usage
191 silly gunzTarPerm extractEntry support/deploy-completed
192 silly gunzTarPerm extractEntry support/dolan
193 silly gunzTarPerm extractEntry support/error
194 silly gunzTarPerm extractEntry support/error-nocolors
195 silly gunzTarPerm extractEntry support/iossim-reset
196 silly gunzTarPerm extractEntry support/awesome
197 silly gunzTarPerm extractEntry support/legacy-serve
198 silly gunzTarPerm extractEntry support/legacy-simulatortype
199 silly gunzTarPerm extractEntry support/loggedin
200 silly gunzTarPerm extractEntry support/loggedout
201 silly gunzTarPerm extractEntry support/logo
202 silly gunzTarPerm extractEntry support/new-client-version-available
203 silly gunzTarPerm extractEntry support/new-version-available
204 silly gunzTarPerm extractEntry support/ready
205 silly gunzTarPerm extractEntry support/scripts/yosemite-safari.js
206 silly gunzTarPerm extractEntry support/scripts/SafariDebugWebViewLister.scpt
207 silly gunzTarPerm extractEntry support/scripts/ensureAssistiveAccess.scpt
208 silly gunzTarPerm extractEntry support/scripts/openSafariDevMenu.scpt
209 silly gunzTarPerm extractEntry support/scripts/yosemite-safari.coffee
210 silly gunzTarPerm extractEntry support/success-caps
211 silly gunzTarPerm extractEntry support/usage/compact
212 silly gunzTarPerm extractEntry support/usage/create
213 silly gunzTarPerm extractEntry support/usage/debug
214 silly gunzTarPerm extractEntry support/usage/emulate
215 silly gunzTarPerm extractEntry support/usage/extended
216 silly gunzTarPerm extractEntry support/usage/footer
217 silly gunzTarPerm extractEntry support/usage/log
218 silly gunzTarPerm extractEntry config/license_finder.yml
219 info preinstall steroids@4.0.15
220 verbose unsafe-perm in lifecycle true
221 info steroids@4.0.15 Failed to exec preinstall script
222 verbose unlock done using /Users/Kevin/.npm/_locks/steroids-36911c2af98a4488.lock for /usr/local/lib/node_modules/steroids
223 verbose stack Error: steroids@4.0.15 preinstall: `node ./bin/preinstall.js || nodejs ./bin/preinstall.js`
223 verbose stack Exit status 127
223 verbose stack     at EventEmitter.<anonymous> (/usr/local/lib/node_modules/npm/lib/utils/lifecycle.js:213:16)
223 verbose stack     at EventEmitter.emit (events.js:110:17)
223 verbose stack     at ChildProcess.<anonymous> (/usr/local/lib/node_modules/npm/lib/utils/spawn.js:14:12)
223 verbose stack     at ChildProcess.emit (events.js:110:17)
223 verbose stack     at maybeClose (child_process.js:1008:16)
223 verbose stack     at Process.ChildProcess._handle.onexit (child_process.js:1080:5)
224 verbose pkgid steroids@4.0.15
225 verbose cwd /Users/Kevin/Projects/pomodoro
226 error Darwin 14.1.0
227 error argv "node" "/usr/local/bin/npm" "install" "steroids" "-g"
228 error node v0.12.1
229 error npm  v2.7.3
230 error code ELIFECYCLE
231 error steroids@4.0.15 preinstall: `node ./bin/preinstall.js || nodejs ./bin/preinstall.js`
231 error Exit status 127
232 error Failed at the steroids@4.0.15 preinstall script 'node ./bin/preinstall.js || nodejs ./bin/preinstall.js'.
232 error This is most likely a problem with the steroids package,
232 error not with npm itself.
232 error Tell the author that this fails on your system:
232 error     node ./bin/preinstall.js || nodejs ./bin/preinstall.js
232 error You can get their info via:
232 error     npm owner ls steroids
232 error There is likely additional logging output above.
233 verbose exit [ 1, true ]
234 verbose unbuild lib/node_modules/steroids
235 info preuninstall steroids@4.0.15
236 info uninstall steroids@4.0.15
237 verbose unbuild rmStuff steroids@4.0.15 from /usr/local/lib/node_modules
238 silly gentlyRm /usr/local/bin/steroids is being gently removed
239 silly gentlyRm verifying /usr/local is an npm working directory
240 silly gentlyRm containing path /usr/local is under npm's control, in /usr/local
241 silly gentlyRm deletion target /usr/local/bin/steroids is under /usr/local
242 verbose gentlyRm vacuuming from /usr/local/bin/steroids up to /usr/local
243 info postuninstall steroids@4.0.15
244 silly gentlyRm /usr/local/lib/node_modules/steroids is being purged from base /usr/local
245 verbose gentlyRm don't care about contents; nuking /usr/local/lib/node_modules/steroids
246 silly vacuum-fs purging /usr/local/lib/node_modules/steroids
247 silly vacuum-fs quitting because other entries in /usr/local/lib/node_modules
